<?xml version="1.0" encoding="UTF-8"?>
<coverage generated="1544530864878" clover="3.2.0">
  <project timestamp="1544530864878" name="All files">
    <metrics statements="49" coveredstatements="48" conditionals="0" coveredconditionals="0" methods="7" coveredmethods="6" elements="56" coveredelements="54" complexity="0" loc="49" ncloc="49" packages="5" files="5" classes="5">
      <package name="js_exercise_20181211_CRUD_JSON_API">
        <metrics statements="8" coveredstatements="8" conditionals="0" coveredconditionals="0" methods="0" coveredmethods="0"/>
        <file name="app.js" path="/Users/tchuang/Google_Drive/CA_Bootcamp/javascript_practice/challenges/js_exercise_20181211_CRUD_JSON_API/app.js">
          <metrics statements="8" coveredstatements="8" conditionals="0" coveredconditionals="0" methods="0" coveredmethods="0"/>
          <line num="1" count="5" type="stmt"/>
          <line num="2" count="5" type="stmt"/>
          <line num="3" count="5" type="stmt"/>
          <line num="5" count="5" type="stmt"/>
          <line num="6" count="5" type="stmt"/>
          <line num="8" count="5" type="stmt"/>
          <line num="10" count="5" type="stmt"/>
          <line num="14" count="5" type="stmt"/>
        </file>
      </package>
      <package name="js_exercise_20181211_CRUD_JSON_API.controllers">
        <metrics statements="21" coveredstatements="20" conditionals="0" coveredconditionals="0" methods="6" coveredmethods="5"/>
        <file name="card_controller.js" path="/Users/tchuang/Google_Drive/CA_Bootcamp/javascript_practice/challenges/js_exercise_20181211_CRUD_JSON_API/controllers/card_controller.js">
          <metrics statements="21" coveredstatements="20" conditionals="0" coveredconditionals="0" methods="6" coveredmethods="5"/>
          <line num="1" count="5" type="stmt"/>
          <line num="4" count="2" type="stmt"/>
          <line num="5" count="2" type="stmt"/>
          <line num="9" count="1" type="stmt"/>
          <line num="10" count="1" type="stmt"/>
          <line num="11" count="1" type="stmt"/>
          <line num="15" count="1" type="stmt"/>
          <line num="16" count="1" type="stmt"/>
          <line num="17" count="0" type="stmt"/>
          <line num="19" count="1" type="stmt"/>
          <line num="20" count="1" type="stmt"/>
          <line num="24" count="1" type="stmt"/>
          <line num="25" count="1" type="stmt"/>
          <line num="27" count="1" type="stmt"/>
          <line num="28" count="1" type="stmt"/>
          <line num="29" count="1" type="stmt"/>
          <line num="33" count="1" type="stmt"/>
          <line num="34" count="1" type="stmt"/>
          <line num="35" count="1" type="stmt"/>
          <line num="36" count="1" type="stmt"/>
          <line num="39" count="5" type="stmt"/>
        </file>
      </package>
      <package name="js_exercise_20181211_CRUD_JSON_API.database.models">
        <metrics statements="4" coveredstatements="4" conditionals="0" coveredconditionals="0" methods="0" coveredmethods="0"/>
        <file name="card_model.js" path="/Users/tchuang/Google_Drive/CA_Bootcamp/javascript_practice/challenges/js_exercise_20181211_CRUD_JSON_API/database/models/card_model.js">
          <metrics statements="4" coveredstatements="4" conditionals="0" coveredconditionals="0" methods="0" coveredmethods="0"/>
          <line num="1" count="5" type="stmt"/>
          <line num="2" count="5" type="stmt"/>
          <line num="4" count="5" type="stmt"/>
          <line num="6" count="5" type="stmt"/>
        </file>
      </package>
      <package name="js_exercise_20181211_CRUD_JSON_API.database.schemas">
        <metrics statements="4" coveredstatements="4" conditionals="0" coveredconditionals="0" methods="0" coveredmethods="0"/>
        <file name="card_schema.js" path="/Users/tchuang/Google_Drive/CA_Bootcamp/javascript_practice/challenges/js_exercise_20181211_CRUD_JSON_API/database/schemas/card_schema.js">
          <metrics statements="4" coveredstatements="4" conditionals="0" coveredconditionals="0" methods="0" coveredmethods="0"/>
          <line num="1" count="5" type="stmt"/>
          <line num="2" count="5" type="stmt"/>
          <line num="4" count="5" type="stmt"/>
          <line num="20" count="5" type="stmt"/>
        </file>
      </package>
      <package name="js_exercise_20181211_CRUD_JSON_API.routes">
        <metrics statements="12" coveredstatements="12" conditionals="0" coveredconditionals="0" methods="1" coveredmethods="1"/>
        <file name="mtg_routes.js" path="/Users/tchuang/Google_Drive/CA_Bootcamp/javascript_practice/challenges/js_exercise_20181211_CRUD_JSON_API/routes/mtg_routes.js">
          <metrics statements="12" coveredstatements="12" conditionals="0" coveredconditionals="0" methods="1" coveredmethods="1"/>
          <line num="1" count="5" type="stmt"/>
          <line num="2" count="5" type="stmt"/>
          <line num="3" count="5" type="stmt"/>
          <line num="4" count="5" type="stmt"/>
          <line num="7" count="15" type="stmt"/>
          <line num="16" count="5" type="stmt"/>
          <line num="18" count="5" type="stmt"/>
          <line num="20" count="5" type="stmt"/>
          <line num="22" count="5" type="stmt"/>
          <line num="23" count="5" type="stmt"/>
          <line num="25" count="5" type="stmt"/>
          <line num="27" count="5" type="stmt"/>
        </file>
      </package>
    </metrics>
  </project>
</coverage>
