{"/Users/tchuang/Google_Drive/CA_Bootcamp/javascript_practice/challenges/js_exercise_20181211_CRUD_JSON_API/app.js": {"path":"/Users/tchuang/Google_Drive/CA_Bootcamp/javascript_practice/challenges/js_exercise_20181211_CRUD_JSON_API/app.js","statementMap":{"0":{"start":{"line":1,"column":16},"end":{"line":1,"column":34}},"1":{"start":{"line":2,"column":15},"end":{"line":2,"column":32}},"2":{"start":{"line":3,"column":12},"end":{"line":3,"column":21}},"3":{"start":{"line":6,"column":0},"end":{"line":16,"column":2}},"4":{"start":{"line":8,"column":4},"end":{"line":8,"column":19}},"5":{"start":{"line":9,"column":4},"end":{"line":9,"column":33}},"6":{"start":{"line":10,"column":4},"end":{"line":10,"column":28}},"7":{"start":{"line":12,"column":4},"end":{"line":14,"column":5}},"8":{"start":{"line":13,"column":6},"end":{"line":13,"column":47}},"9":{"start":{"line":18,"column":0},"end":{"line":18,"column":30}},"10":{"start":{"line":19,"column":0},"end":{"line":19,"column":24}},"11":{"start":{"line":21,"column":0},"end":{"line":21,"column":28}},"12":{"start":{"line":23,"column":0},"end":{"line":23,"column":40}},"13":{"start":{"line":25,"column":0},"end":{"line":32,"column":3}},"14":{"start":{"line":26,"column":2},"end":{"line":30,"column":3}},"15":{"start":{"line":28,"column":6},"end":{"line":28,"column":58}},"16":{"start":{"line":29,"column":6},"end":{"line":29,"column":12}},"17":{"start":{"line":31,"column":2},"end":{"line":31,"column":12}},"18":{"start":{"line":34,"column":0},"end":{"line":34,"column":21}}},"fnMap":{"0":{"name":"(anonymous_0)","decl":{"start":{"line":7,"column":2},"end":{"line":7,"column":3}},"loc":{"start":{"line":7,"column":35},"end":{"line":15,"column":3}},"line":7},"1":{"name":"(anonymous_1)","decl":{"start":{"line":25,"column":8},"end":{"line":25,"column":9}},"loc":{"start":{"line":25,"column":33},"end":{"line":32,"column":1}},"line":25}},"branchMap":{"0":{"loc":{"start":{"line":12,"column":4},"end":{"line":14,"column":5}},"type":"if","locations":[{"start":{"line":12,"column":4},"end":{"line":14,"column":5}},{"start":{"line":12,"column":4},"end":{"line":14,"column":5}}],"line":12},"1":{"loc":{"start":{"line":26,"column":2},"end":{"line":30,"column":3}},"type":"switch","locations":[{"start":{"line":27,"column":4},"end":{"line":29,"column":12}}],"line":26}},"s":{"0":5,"1":5,"2":5,"3":5,"4":0,"5":0,"6":0,"7":0,"8":0,"9":5,"10":5,"11":5,"12":5,"13":5,"14":0,"15":0,"16":0,"17":0,"18":5},"f":{"0":0,"1":0},"b":{"0":[0,0],"1":[0]},"_coverageSchema":"332fd63041d2c1bcb487cc26dd0d5f7d97098a6c","hash":"7fcfc2ed247dc80684d81c5461203c8c701e42b6"}
,"/Users/tchuang/Google_Drive/CA_Bootcamp/javascript_practice/challenges/js_exercise_20181211_CRUD_JSON_API/controllers/card_controller.js": {"path":"/Users/tchuang/Google_Drive/CA_Bootcamp/javascript_practice/challenges/js_exercise_20181211_CRUD_JSON_API/controllers/card_controller.js","statementMap":{"0":{"start":{"line":1,"column":18},"end":{"line":1,"column":60}},"1":{"start":{"line":4,"column":16},"end":{"line":4,"column":38}},"2":{"start":{"line":6,"column":2},"end":{"line":10,"column":3}},"3":{"start":{"line":7,"column":4},"end":{"line":7,"column":42}},"4":{"start":{"line":9,"column":4},"end":{"line":9,"column":20}},"5":{"start":{"line":14,"column":17},"end":{"line":14,"column":27}},"6":{"start":{"line":15,"column":15},"end":{"line":15,"column":43}},"7":{"start":{"line":17,"column":2},"end":{"line":21,"column":3}},"8":{"start":{"line":18,"column":4},"end":{"line":18,"column":42}},"9":{"start":{"line":20,"column":4},"end":{"line":20,"column":19}},"10":{"start":{"line":25,"column":32},"end":{"line":25,"column":40}},"11":{"start":{"line":26,"column":15},"end":{"line":26,"column":60}},"12":{"start":{"line":28,"column":2},"end":{"line":33,"column":3}},"13":{"start":{"line":29,"column":4},"end":{"line":29,"column":53}},"14":{"start":{"line":31,"column":4},"end":{"line":31,"column":20}},"15":{"start":{"line":32,"column":4},"end":{"line":32,"column":23}},"16":{"start":{"line":37,"column":32},"end":{"line":37,"column":40}},"17":{"start":{"line":38,"column":17},"end":{"line":38,"column":27}},"18":{"start":{"line":39,"column":15},"end":{"line":43,"column":3}},"19":{"start":{"line":45,"column":2},"end":{"line":50,"column":3}},"20":{"start":{"line":46,"column":4},"end":{"line":46,"column":53}},"21":{"start":{"line":48,"column":4},"end":{"line":48,"column":20}},"22":{"start":{"line":49,"column":4},"end":{"line":49,"column":23}},"23":{"start":{"line":54,"column":17},"end":{"line":54,"column":27}},"24":{"start":{"line":55,"column":15},"end":{"line":55,"column":52}},"25":{"start":{"line":57,"column":2},"end":{"line":62,"column":3}},"26":{"start":{"line":58,"column":4},"end":{"line":58,"column":53}},"27":{"start":{"line":60,"column":4},"end":{"line":60,"column":20}},"28":{"start":{"line":61,"column":4},"end":{"line":61,"column":23}},"29":{"start":{"line":65,"column":0},"end":{"line":71,"column":2}}},"fnMap":{"0":{"name":"index","decl":{"start":{"line":3,"column":15},"end":{"line":3,"column":20}},"loc":{"start":{"line":3,"column":37},"end":{"line":11,"column":1}},"line":3},"1":{"name":"show","decl":{"start":{"line":13,"column":15},"end":{"line":13,"column":19}},"loc":{"start":{"line":13,"column":36},"end":{"line":22,"column":1}},"line":13},"2":{"name":"create","decl":{"start":{"line":24,"column":15},"end":{"line":24,"column":21}},"loc":{"start":{"line":24,"column":38},"end":{"line":34,"column":1}},"line":24},"3":{"name":"update","decl":{"start":{"line":36,"column":15},"end":{"line":36,"column":21}},"loc":{"start":{"line":36,"column":38},"end":{"line":51,"column":1}},"line":36},"4":{"name":"destroy","decl":{"start":{"line":53,"column":15},"end":{"line":53,"column":22}},"loc":{"start":{"line":53,"column":39},"end":{"line":63,"column":1}},"line":53}},"branchMap":{"0":{"loc":{"start":{"line":6,"column":2},"end":{"line":10,"column":3}},"type":"if","locations":[{"start":{"line":6,"column":2},"end":{"line":10,"column":3}},{"start":{"line":6,"column":2},"end":{"line":10,"column":3}}],"line":6},"1":{"loc":{"start":{"line":17,"column":2},"end":{"line":21,"column":3}},"type":"if","locations":[{"start":{"line":17,"column":2},"end":{"line":21,"column":3}},{"start":{"line":17,"column":2},"end":{"line":21,"column":3}}],"line":17},"2":{"loc":{"start":{"line":28,"column":2},"end":{"line":33,"column":3}},"type":"if","locations":[{"start":{"line":28,"column":2},"end":{"line":33,"column":3}},{"start":{"line":28,"column":2},"end":{"line":33,"column":3}}],"line":28},"3":{"loc":{"start":{"line":45,"column":2},"end":{"line":50,"column":3}},"type":"if","locations":[{"start":{"line":45,"column":2},"end":{"line":50,"column":3}},{"start":{"line":45,"column":2},"end":{"line":50,"column":3}}],"line":45},"4":{"loc":{"start":{"line":57,"column":2},"end":{"line":62,"column":3}},"type":"if","locations":[{"start":{"line":57,"column":2},"end":{"line":62,"column":3}},{"start":{"line":57,"column":2},"end":{"line":62,"column":3}}],"line":57}},"s":{"0":5,"1":2,"2":2,"3":0,"4":2,"5":1,"6":1,"7":1,"8":0,"9":1,"10":1,"11":1,"12":1,"13":0,"14":1,"15":1,"16":1,"17":1,"18":1,"19":1,"20":0,"21":1,"22":1,"23":1,"24":1,"25":1,"26":0,"27":1,"28":1,"29":5},"f":{"0":2,"1":1,"2":1,"3":1,"4":1},"b":{"0":[0,2],"1":[0,1],"2":[0,1],"3":[0,1],"4":[0,1]},"_coverageSchema":"332fd63041d2c1bcb487cc26dd0d5f7d97098a6c","hash":"179380bd6f82f6d2d917a8e378ebe7ce6567b693"}
,"/Users/tchuang/Google_Drive/CA_Bootcamp/javascript_practice/challenges/js_exercise_20181211_CRUD_JSON_API/database/models/card_model.js": {"path":"/Users/tchuang/Google_Drive/CA_Bootcamp/javascript_practice/challenges/js_exercise_20181211_CRUD_JSON_API/database/models/card_model.js","statementMap":{"0":{"start":{"line":1,"column":17},"end":{"line":1,"column":36}},"1":{"start":{"line":2,"column":19},"end":{"line":2,"column":54}},"2":{"start":{"line":4,"column":18},"end":{"line":4,"column":52}},"3":{"start":{"line":6,"column":0},"end":{"line":6,"column":27}}},"fnMap":{},"branchMap":{},"s":{"0":5,"1":5,"2":5,"3":5},"f":{},"b":{},"_coverageSchema":"332fd63041d2c1bcb487cc26dd0d5f7d97098a6c","hash":"cce8c984098c1de4b5a29a2a4367cb96f944ec0a"}
,"/Users/tchuang/Google_Drive/CA_Bootcamp/javascript_practice/challenges/js_exercise_20181211_CRUD_JSON_API/database/schemas/card_schema.js": {"path":"/Users/tchuang/Google_Drive/CA_Bootcamp/javascript_practice/challenges/js_exercise_20181211_CRUD_JSON_API/database/schemas/card_schema.js","statementMap":{"0":{"start":{"line":1,"column":17},"end":{"line":1,"column":36}},"1":{"start":{"line":2,"column":15},"end":{"line":2,"column":30}},"2":{"start":{"line":4,"column":19},"end":{"line":18,"column":2}},"3":{"start":{"line":20,"column":0},"end":{"line":20,"column":28}}},"fnMap":{},"branchMap":{},"s":{"0":5,"1":5,"2":5,"3":5},"f":{},"b":{},"_coverageSchema":"332fd63041d2c1bcb487cc26dd0d5f7d97098a6c","hash":"e92a2e9756b4f45d772f21c2e4814d9adf3e03e4"}
,"/Users/tchuang/Google_Drive/CA_Bootcamp/javascript_practice/challenges/js_exercise_20181211_CRUD_JSON_API/routes/mtg_routes.js": {"path":"/Users/tchuang/Google_Drive/CA_Bootcamp/javascript_practice/challenges/js_exercise_20181211_CRUD_JSON_API/routes/mtg_routes.js","statementMap":{"0":{"start":{"line":1,"column":16},"end":{"line":1,"column":34}},"1":{"start":{"line":2,"column":15},"end":{"line":2,"column":31}},"2":{"start":{"line":3,"column":27},"end":{"line":3,"column":47}},"3":{"start":{"line":4,"column":23},"end":{"line":4,"column":66}},"4":{"start":{"line":7,"column":2},"end":{"line":13,"column":5}},"5":{"start":{"line":16,"column":0},"end":{"line":16,"column":38}},"6":{"start":{"line":18,"column":0},"end":{"line":18,"column":40}},"7":{"start":{"line":20,"column":0},"end":{"line":20,"column":65}},"8":{"start":{"line":22,"column":0},"end":{"line":22,"column":67}},"9":{"start":{"line":23,"column":0},"end":{"line":23,"column":69}},"10":{"start":{"line":25,"column":0},"end":{"line":25,"column":46}},"11":{"start":{"line":27,"column":0},"end":{"line":27,"column":24}}},"fnMap":{"0":{"name":"allPropertiesRequired","decl":{"start":{"line":6,"column":9},"end":{"line":6,"column":30}},"loc":{"start":{"line":6,"column":33},"end":{"line":14,"column":1}},"line":6}},"branchMap":{},"s":{"0":5,"1":5,"2":5,"3":5,"4":15,"5":5,"6":5,"7":5,"8":5,"9":5,"10":5,"11":5},"f":{"0":15},"b":{},"_coverageSchema":"332fd63041d2c1bcb487cc26dd0d5f7d97098a6c","hash":"b1f9e7c8b3ec04d787f48116ccdd143ea6b2efe9"}
}
