{"/Users/tchuang/Google_Drive/CA_Bootcamp/javascript_practice/challenges/js_exercise_20181211_CRUD_JSON_API/app.js": {"path":"/Users/tchuang/Google_Drive/CA_Bootcamp/javascript_practice/challenges/js_exercise_20181211_CRUD_JSON_API/app.js","statementMap":{"0":{"start":{"line":1,"column":16},"end":{"line":1,"column":34}},"1":{"start":{"line":2,"column":15},"end":{"line":2,"column":32}},"2":{"start":{"line":3,"column":12},"end":{"line":3,"column":21}},"3":{"start":{"line":5,"column":0},"end":{"line":5,"column":30}},"4":{"start":{"line":6,"column":0},"end":{"line":6,"column":24}},"5":{"start":{"line":8,"column":0},"end":{"line":8,"column":28}},"6":{"start":{"line":10,"column":0},"end":{"line":10,"column":40}},"7":{"start":{"line":14,"column":0},"end":{"line":14,"column":21}}},"fnMap":{},"branchMap":{},"s":{"0":5,"1":5,"2":5,"3":5,"4":5,"5":5,"6":5,"7":5},"f":{},"b":{},"_coverageSchema":"332fd63041d2c1bcb487cc26dd0d5f7d97098a6c","hash":"e2626e52ee60edcd310ab4b2f9a2c71e9e4bb5e9"}
,"/Users/tchuang/Google_Drive/CA_Bootcamp/javascript_practice/challenges/js_exercise_20181211_CRUD_JSON_API/controllers/card_controller.js": {"path":"/Users/tchuang/Google_Drive/CA_Bootcamp/javascript_practice/challenges/js_exercise_20181211_CRUD_JSON_API/controllers/card_controller.js","statementMap":{"0":{"start":{"line":1,"column":18},"end":{"line":1,"column":60}},"1":{"start":{"line":4,"column":16},"end":{"line":4,"column":38}},"2":{"start":{"line":5,"column":2},"end":{"line":5,"column":18}},"3":{"start":{"line":9,"column":17},"end":{"line":9,"column":27}},"4":{"start":{"line":10,"column":15},"end":{"line":10,"column":43}},"5":{"start":{"line":11,"column":2},"end":{"line":11,"column":17}},"6":{"start":{"line":15,"column":32},"end":{"line":15,"column":40}},"7":{"start":{"line":16,"column":15},"end":{"line":18,"column":3}},"8":{"start":{"line":17,"column":4},"end":{"line":17,"column":29}},"9":{"start":{"line":19,"column":2},"end":{"line":19,"column":18}},"10":{"start":{"line":20,"column":2},"end":{"line":20,"column":21}},"11":{"start":{"line":24,"column":32},"end":{"line":24,"column":40}},"12":{"start":{"line":25,"column":17},"end":{"line":25,"column":27}},"13":{"start":{"line":27,"column":15},"end":{"line":27,"column":75}},"14":{"start":{"line":28,"column":2},"end":{"line":28,"column":18}},"15":{"start":{"line":29,"column":2},"end":{"line":29,"column":21}},"16":{"start":{"line":33,"column":17},"end":{"line":33,"column":27}},"17":{"start":{"line":34,"column":15},"end":{"line":34,"column":52}},"18":{"start":{"line":35,"column":2},"end":{"line":35,"column":18}},"19":{"start":{"line":36,"column":2},"end":{"line":36,"column":21}},"20":{"start":{"line":39,"column":0},"end":{"line":45,"column":2}}},"fnMap":{"0":{"name":"index","decl":{"start":{"line":3,"column":15},"end":{"line":3,"column":20}},"loc":{"start":{"line":3,"column":31},"end":{"line":6,"column":1}},"line":3},"1":{"name":"show","decl":{"start":{"line":8,"column":15},"end":{"line":8,"column":19}},"loc":{"start":{"line":8,"column":30},"end":{"line":12,"column":1}},"line":8},"2":{"name":"create","decl":{"start":{"line":14,"column":15},"end":{"line":14,"column":21}},"loc":{"start":{"line":14,"column":32},"end":{"line":21,"column":1}},"line":14},"3":{"name":"(anonymous_3)","decl":{"start":{"line":16,"column":67},"end":{"line":16,"column":68}},"loc":{"start":{"line":17,"column":4},"end":{"line":17,"column":29}},"line":17},"4":{"name":"update","decl":{"start":{"line":23,"column":15},"end":{"line":23,"column":21}},"loc":{"start":{"line":23,"column":32},"end":{"line":30,"column":1}},"line":23},"5":{"name":"destroy","decl":{"start":{"line":32,"column":15},"end":{"line":32,"column":22}},"loc":{"start":{"line":32,"column":33},"end":{"line":37,"column":1}},"line":32}},"branchMap":{},"s":{"0":5,"1":2,"2":2,"3":1,"4":1,"5":1,"6":1,"7":1,"8":0,"9":1,"10":1,"11":1,"12":1,"13":1,"14":1,"15":1,"16":1,"17":1,"18":1,"19":1,"20":5},"f":{"0":2,"1":1,"2":1,"3":0,"4":1,"5":1},"b":{},"_coverageSchema":"332fd63041d2c1bcb487cc26dd0d5f7d97098a6c","hash":"aa7d6847837edeb3e08f019cc5f885b402193fc4"}
,"/Users/tchuang/Google_Drive/CA_Bootcamp/javascript_practice/challenges/js_exercise_20181211_CRUD_JSON_API/database/models/card_model.js": {"path":"/Users/tchuang/Google_Drive/CA_Bootcamp/javascript_practice/challenges/js_exercise_20181211_CRUD_JSON_API/database/models/card_model.js","statementMap":{"0":{"start":{"line":1,"column":17},"end":{"line":1,"column":36}},"1":{"start":{"line":2,"column":19},"end":{"line":2,"column":54}},"2":{"start":{"line":4,"column":18},"end":{"line":4,"column":52}},"3":{"start":{"line":6,"column":0},"end":{"line":6,"column":27}}},"fnMap":{},"branchMap":{},"s":{"0":5,"1":5,"2":5,"3":5},"f":{},"b":{},"_coverageSchema":"332fd63041d2c1bcb487cc26dd0d5f7d97098a6c","hash":"cce8c984098c1de4b5a29a2a4367cb96f944ec0a"}
,"/Users/tchuang/Google_Drive/CA_Bootcamp/javascript_practice/challenges/js_exercise_20181211_CRUD_JSON_API/database/schemas/card_schema.js": {"path":"/Users/tchuang/Google_Drive/CA_Bootcamp/javascript_practice/challenges/js_exercise_20181211_CRUD_JSON_API/database/schemas/card_schema.js","statementMap":{"0":{"start":{"line":1,"column":17},"end":{"line":1,"column":36}},"1":{"start":{"line":2,"column":15},"end":{"line":2,"column":30}},"2":{"start":{"line":4,"column":19},"end":{"line":18,"column":2}},"3":{"start":{"line":20,"column":0},"end":{"line":20,"column":28}}},"fnMap":{},"branchMap":{},"s":{"0":5,"1":5,"2":5,"3":5},"f":{},"b":{},"_coverageSchema":"332fd63041d2c1bcb487cc26dd0d5f7d97098a6c","hash":"e92a2e9756b4f45d772f21c2e4814d9adf3e03e4"}
,"/Users/tchuang/Google_Drive/CA_Bootcamp/javascript_practice/challenges/js_exercise_20181211_CRUD_JSON_API/routes/mtg_routes.js": {"path":"/Users/tchuang/Google_Drive/CA_Bootcamp/javascript_practice/challenges/js_exercise_20181211_CRUD_JSON_API/routes/mtg_routes.js","statementMap":{"0":{"start":{"line":1,"column":16},"end":{"line":1,"column":34}},"1":{"start":{"line":2,"column":15},"end":{"line":2,"column":31}},"2":{"start":{"line":3,"column":27},"end":{"line":3,"column":47}},"3":{"start":{"line":4,"column":23},"end":{"line":4,"column":66}},"4":{"start":{"line":7,"column":2},"end":{"line":13,"column":5}},"5":{"start":{"line":16,"column":0},"end":{"line":16,"column":38}},"6":{"start":{"line":18,"column":0},"end":{"line":18,"column":40}},"7":{"start":{"line":20,"column":0},"end":{"line":20,"column":65}},"8":{"start":{"line":22,"column":0},"end":{"line":22,"column":67}},"9":{"start":{"line":23,"column":0},"end":{"line":23,"column":69}},"10":{"start":{"line":25,"column":0},"end":{"line":25,"column":46}},"11":{"start":{"line":27,"column":0},"end":{"line":27,"column":24}}},"fnMap":{"0":{"name":"allPropertiesRequired","decl":{"start":{"line":6,"column":9},"end":{"line":6,"column":30}},"loc":{"start":{"line":6,"column":33},"end":{"line":14,"column":1}},"line":6}},"branchMap":{},"s":{"0":5,"1":5,"2":5,"3":5,"4":15,"5":5,"6":5,"7":5,"8":5,"9":5,"10":5,"11":5},"f":{"0":15},"b":{},"_coverageSchema":"332fd63041d2c1bcb487cc26dd0d5f7d97098a6c","hash":"b1f9e7c8b3ec04d787f48116ccdd143ea6b2efe9"}
}
