TN:
SF:/Users/tchuang/Google_Drive/CA_Bootcamp/javascript_practice/challenges/js_exercise_20181211_CRUD_JSON_API/app.js
FNF:0
FNH:0
DA:1,5
DA:2,5
DA:3,5
DA:5,5
DA:6,5
DA:8,5
DA:10,5
DA:14,5
LF:8
LH:8
BRF:0
BRH:0
end_of_record
TN:
SF:/Users/tchuang/Google_Drive/CA_Bootcamp/javascript_practice/challenges/js_exercise_20181211_CRUD_JSON_API/controllers/card_controller.js
FN:3,index
FN:8,show
FN:14,create
FN:16,(anonymous_3)
FN:23,update
FN:32,destroy
FNF:6
FNH:3
FNDA:2,index
FNDA:1,show
FNDA:1,create
FNDA:0,(anonymous_3)
FNDA:0,update
FNDA:0,destroy
DA:1,5
DA:4,2
DA:5,2
DA:9,1
DA:10,1
DA:11,1
DA:15,1
DA:16,1
DA:17,0
DA:19,1
DA:20,1
DA:24,0
DA:25,0
DA:27,0
DA:28,0
DA:29,0
DA:33,0
DA:34,0
DA:35,0
DA:36,0
DA:39,5
LF:21
LH:11
BRF:0
BRH:0
end_of_record
TN:
SF:/Users/tchuang/Google_Drive/CA_Bootcamp/javascript_practice/challenges/js_exercise_20181211_CRUD_JSON_API/database/models/card_model.js
FNF:0
FNH:0
DA:1,5
DA:2,5
DA:4,5
DA:6,5
LF:4
LH:4
BRF:0
BRH:0
end_of_record
TN:
SF:/Users/tchuang/Google_Drive/CA_Bootcamp/javascript_practice/challenges/js_exercise_20181211_CRUD_JSON_API/database/schemas/card_schema.js
FNF:0
FNH:0
DA:1,5
DA:2,5
DA:4,5
DA:20,5
LF:4
LH:4
BRF:0
BRH:0
end_of_record
TN:
SF:/Users/tchuang/Google_Drive/CA_Bootcamp/javascript_practice/challenges/js_exercise_20181211_CRUD_JSON_API/routes/mtg_routes.js
FNF:0
FNH:0
DA:1,5
DA:2,5
DA:3,5
DA:5,5
DA:7,5
DA:9,5
DA:11,5
DA:12,5
DA:14,5
DA:16,5
LF:10
LH:10
BRF:0
BRH:0
end_of_record
