TN:
SF:/Users/tchuang/Google_Drive/CA_Bootcamp/javascript_practice/challenges/js_exercise_20181211_CRUD_JSON_API/app.js
FN:7,(anonymous_0)
FN:25,(anonymous_1)
FNF:2
FNH:0
FNDA:0,(anonymous_0)
FNDA:0,(anonymous_1)
DA:1,5
DA:2,5
DA:3,5
DA:6,5
DA:8,0
DA:9,0
DA:10,0
DA:12,0
DA:13,0
DA:18,5
DA:19,5
DA:21,5
DA:23,5
DA:25,5
DA:26,0
DA:28,0
DA:29,0
DA:31,0
DA:34,5
LF:19
LH:10
BRDA:12,0,0,0
BRDA:12,0,1,0
BRDA:26,1,0,0
BRF:3
BRH:0
end_of_record
TN:
SF:/Users/tchuang/Google_Drive/CA_Bootcamp/javascript_practice/challenges/js_exercise_20181211_CRUD_JSON_API/controllers/card_controller.js
FN:3,index
FN:13,show
FN:24,create
FN:36,update
FN:49,destroy
FNF:5
FNH:5
FNDA:2,index
FNDA:1,show
FNDA:1,create
FNDA:1,update
FNDA:1,destroy
DA:1,5
DA:4,2
DA:6,2
DA:7,0
DA:9,2
DA:14,1
DA:15,1
DA:17,1
DA:18,0
DA:20,1
DA:25,1
DA:26,1
DA:28,1
DA:29,0
DA:31,1
DA:32,1
DA:37,1
DA:38,1
DA:39,1
DA:41,1
DA:42,0
DA:44,1
DA:45,1
DA:50,1
DA:51,1
DA:53,1
DA:54,0
DA:56,1
DA:57,1
DA:61,5
LF:30
LH:25
BRDA:6,0,0,0
BRDA:6,0,1,2
BRDA:17,1,0,0
BRDA:17,1,1,1
BRDA:28,2,0,0
BRDA:28,2,1,1
BRDA:41,3,0,0
BRDA:41,3,1,1
BRDA:53,4,0,0
BRDA:53,4,1,1
BRF:10
BRH:5
end_of_record
TN:
SF:/Users/tchuang/Google_Drive/CA_Bootcamp/javascript_practice/challenges/js_exercise_20181211_CRUD_JSON_API/database/models/card_model.js
FNF:0
FNH:0
DA:1,5
DA:2,5
DA:4,5
DA:6,5
LF:4
LH:4
BRF:0
BRH:0
end_of_record
TN:
SF:/Users/tchuang/Google_Drive/CA_Bootcamp/javascript_practice/challenges/js_exercise_20181211_CRUD_JSON_API/database/schemas/card_schema.js
FNF:0
FNH:0
DA:1,5
DA:2,5
DA:4,5
DA:20,5
LF:4
LH:4
BRF:0
BRH:0
end_of_record
TN:
SF:/Users/tchuang/Google_Drive/CA_Bootcamp/javascript_practice/challenges/js_exercise_20181211_CRUD_JSON_API/routes/mtg_routes.js
FN:6,allPropertiesRequired
FNF:1
FNH:1
FNDA:15,allPropertiesRequired
DA:1,5
DA:2,5
DA:3,5
DA:4,5
DA:7,15
DA:16,5
DA:18,5
DA:20,5
DA:22,5
DA:23,5
DA:25,5
DA:27,5
LF:12
LH:12
BRF:0
BRH:0
end_of_record
