<?xml version="1.0" encoding="UTF-8"?>
<coverage generated="1544442070671" clover="3.2.0">
  <project timestamp="1544442070671" name="All files">
    <metrics statements="125" coveredstatements="97" conditionals="0" coveredconditionals="0" methods="17" coveredmethods="7" elements="142" coveredelements="104" complexity="0" loc="125" ncloc="125" packages="5" files="13" classes="13">
      <package name="node_tests_unit-integration">
        <metrics statements="12" coveredstatements="12" conditionals="0" coveredconditionals="0" methods="0" coveredmethods="0"/>
        <file name="app.js" path="/Users/tchuang/Google_Drive/CA_Bootcamp/javascript_practice/notes_testing_jest/node_tests_unit-integration/app.js">
          <metrics statements="12" coveredstatements="12" conditionals="0" coveredconditionals="0" methods="0" coveredmethods="0"/>
          <line num="1" count="7" type="stmt"/>
          <line num="2" count="7" type="stmt"/>
          <line num="3" count="7" type="stmt"/>
          <line num="4" count="7" type="stmt"/>
          <line num="5" count="7" type="stmt"/>
          <line num="7" count="7" type="stmt"/>
          <line num="8" count="7" type="stmt"/>
          <line num="10" count="7" type="stmt"/>
          <line num="12" count="7" type="stmt"/>
          <line num="13" count="7" type="stmt"/>
          <line num="15" count="7" type="stmt"/>
          <line num="17" count="7" type="stmt"/>
        </file>
      </package>
      <package name="node_tests_unit-integration.controllers">
        <metrics statements="54" coveredstatements="26" conditionals="0" coveredconditionals="0" methods="17" coveredmethods="7"/>
        <file name="author_controller.js" path="/Users/tchuang/Google_Drive/CA_Bootcamp/javascript_practice/notes_testing_jest/node_tests_unit-integration/controllers/author_controller.js">
          <metrics statements="22" coveredstatements="21" conditionals="0" coveredconditionals="0" methods="8" coveredmethods="7"/>
          <line num="1" count="8" type="stmt"/>
          <line num="5" count="2" type="stmt"/>
          <line num="6" count="2" type="stmt"/>
          <line num="7" count="0" type="stmt"/>
          <line num="9" count="2" type="stmt"/>
          <line num="14" count="1" type="stmt"/>
          <line num="15" count="1" type="stmt"/>
          <line num="20" count="1" type="stmt"/>
          <line num="25" count="2" type="stmt"/>
          <line num="26" count="2" type="stmt"/>
          <line num="27" count="2" type="stmt"/>
          <line num="32" count="2" type="stmt"/>
          <line num="34" count="2" type="stmt"/>
          <line num="36" count="2" type="stmt"/>
          <line num="41" count="1" type="stmt"/>
          <line num="42" count="1" type="stmt"/>
          <line num="44" count="1" type="stmt"/>
          <line num="45" count="1" type="stmt"/>
          <line num="50" count="1" type="stmt"/>
          <line num="51" count="1" type="stmt"/>
          <line num="52" count="1" type="stmt"/>
          <line num="55" count="8" type="stmt"/>
        </file>
        <file name="book_controller.js" path="/Users/tchuang/Google_Drive/CA_Bootcamp/javascript_practice/notes_testing_jest/node_tests_unit-integration/controllers/book_controller.js">
          <metrics statements="24" coveredstatements="3" conditionals="0" coveredconditionals="0" methods="8" coveredmethods="0"/>
          <line num="1" count="7" type="stmt"/>
          <line num="2" count="7" type="stmt"/>
          <line num="6" count="0" type="stmt"/>
          <line num="7" count="0" type="stmt"/>
          <line num="8" count="0" type="stmt"/>
          <line num="10" count="0" type="stmt"/>
          <line num="15" count="0" type="stmt"/>
          <line num="16" count="0" type="stmt"/>
          <line num="21" count="0" type="stmt"/>
          <line num="22" count="0" type="stmt"/>
          <line num="27" count="0" type="stmt"/>
          <line num="28" count="0" type="stmt"/>
          <line num="29" count="0" type="stmt"/>
          <line num="34" count="0" type="stmt"/>
          <line num="36" count="0" type="stmt"/>
          <line num="38" count="0" type="stmt"/>
          <line num="43" count="0" type="stmt"/>
          <line num="44" count="0" type="stmt"/>
          <line num="46" count="0" type="stmt"/>
          <line num="47" count="0" type="stmt"/>
          <line num="52" count="0" type="stmt"/>
          <line num="53" count="0" type="stmt"/>
          <line num="54" count="0" type="stmt"/>
          <line num="57" count="7" type="stmt"/>
        </file>
        <file name="comment_controller.js" path="/Users/tchuang/Google_Drive/CA_Bootcamp/javascript_practice/notes_testing_jest/node_tests_unit-integration/controllers/comment_controller.js">
          <metrics statements="8" coveredstatements="2" conditionals="0" coveredconditionals="0" methods="1" coveredmethods="0"/>
          <line num="1" count="7" type="stmt"/>
          <line num="5" count="0" type="stmt"/>
          <line num="6" count="0" type="stmt"/>
          <line num="7" count="0" type="stmt"/>
          <line num="9" count="0" type="stmt"/>
          <line num="10" count="0" type="stmt"/>
          <line num="12" count="0" type="stmt"/>
          <line num="15" count="7" type="stmt"/>
        </file>
      </package>
      <package name="node_tests_unit-integration.database.models">
        <metrics statements="8" coveredstatements="8" conditionals="0" coveredconditionals="0" methods="0" coveredmethods="0"/>
        <file name="author_model.js" path="/Users/tchuang/Google_Drive/CA_Bootcamp/javascript_practice/notes_testing_jest/node_tests_unit-integration/database/models/author_model.js">
          <metrics statements="4" coveredstatements="4" conditionals="0" coveredconditionals="0" methods="0" coveredmethods="0"/>
          <line num="1" count="8" type="stmt"/>
          <line num="2" count="8" type="stmt"/>
          <line num="4" count="8" type="stmt"/>
          <line num="6" count="8" type="stmt"/>
        </file>
        <file name="book_model.js" path="/Users/tchuang/Google_Drive/CA_Bootcamp/javascript_practice/notes_testing_jest/node_tests_unit-integration/database/models/book_model.js">
          <metrics statements="4" coveredstatements="4" conditionals="0" coveredconditionals="0" methods="0" coveredmethods="0"/>
          <line num="1" count="7" type="stmt"/>
          <line num="2" count="7" type="stmt"/>
          <line num="4" count="7" type="stmt"/>
          <line num="6" count="7" type="stmt"/>
        </file>
      </package>
      <package name="node_tests_unit-integration.database.schemas">
        <metrics statements="13" coveredstatements="13" conditionals="0" coveredconditionals="0" methods="0" coveredmethods="0"/>
        <file name="author_schema.js" path="/Users/tchuang/Google_Drive/CA_Bootcamp/javascript_practice/notes_testing_jest/node_tests_unit-integration/database/schemas/author_schema.js">
          <metrics statements="4" coveredstatements="4" conditionals="0" coveredconditionals="0" methods="0" coveredmethods="0"/>
          <line num="1" count="8" type="stmt"/>
          <line num="2" count="8" type="stmt"/>
          <line num="4" count="8" type="stmt"/>
          <line num="20" count="8" type="stmt"/>
        </file>
        <file name="book_schema.js" path="/Users/tchuang/Google_Drive/CA_Bootcamp/javascript_practice/notes_testing_jest/node_tests_unit-integration/database/schemas/book_schema.js">
          <metrics statements="5" coveredstatements="5" conditionals="0" coveredconditionals="0" methods="0" coveredmethods="0"/>
          <line num="1" count="7" type="stmt"/>
          <line num="2" count="7" type="stmt"/>
          <line num="3" count="7" type="stmt"/>
          <line num="5" count="7" type="stmt"/>
          <line num="21" count="7" type="stmt"/>
        </file>
        <file name="comment_schema.js" path="/Users/tchuang/Google_Drive/CA_Bootcamp/javascript_practice/notes_testing_jest/node_tests_unit-integration/database/schemas/comment_schema.js">
          <metrics statements="4" coveredstatements="4" conditionals="0" coveredconditionals="0" methods="0" coveredmethods="0"/>
          <line num="1" count="7" type="stmt"/>
          <line num="2" count="7" type="stmt"/>
          <line num="4" count="7" type="stmt"/>
          <line num="16" count="7" type="stmt"/>
        </file>
      </package>
      <package name="node_tests_unit-integration.routes">
        <metrics statements="38" coveredstatements="38" conditionals="0" coveredconditionals="0" methods="0" coveredmethods="0"/>
        <file name="author_routes.js" path="/Users/tchuang/Google_Drive/CA_Bootcamp/javascript_practice/notes_testing_jest/node_tests_unit-integration/routes/author_routes.js">
          <metrics statements="12" coveredstatements="12" conditionals="0" coveredconditionals="0" methods="0" coveredmethods="0"/>
          <line num="1" count="7" type="stmt"/>
          <line num="2" count="7" type="stmt"/>
          <line num="3" count="7" type="stmt"/>
          <line num="5" count="7" type="stmt"/>
          <line num="7" count="7" type="stmt"/>
          <line num="9" count="7" type="stmt"/>
          <line num="11" count="7" type="stmt"/>
          <line num="13" count="7" type="stmt"/>
          <line num="15" count="7" type="stmt"/>
          <line num="17" count="7" type="stmt"/>
          <line num="19" count="7" type="stmt"/>
          <line num="21" count="7" type="stmt"/>
        </file>
        <file name="book_routes.js" path="/Users/tchuang/Google_Drive/CA_Bootcamp/javascript_practice/notes_testing_jest/node_tests_unit-integration/routes/book_routes.js">
          <metrics statements="14" coveredstatements="14" conditionals="0" coveredconditionals="0" methods="0" coveredmethods="0"/>
          <line num="1" count="7" type="stmt"/>
          <line num="2" count="7" type="stmt"/>
          <line num="3" count="7" type="stmt"/>
          <line num="4" count="7" type="stmt"/>
          <line num="6" count="7" type="stmt"/>
          <line num="8" count="7" type="stmt"/>
          <line num="10" count="7" type="stmt"/>
          <line num="12" count="7" type="stmt"/>
          <line num="14" count="7" type="stmt"/>
          <line num="16" count="7" type="stmt"/>
          <line num="18" count="7" type="stmt"/>
          <line num="20" count="7" type="stmt"/>
          <line num="22" count="7" type="stmt"/>
          <line num="24" count="7" type="stmt"/>
        </file>
        <file name="comment_routes.js" path="/Users/tchuang/Google_Drive/CA_Bootcamp/javascript_practice/notes_testing_jest/node_tests_unit-integration/routes/comment_routes.js">
          <metrics statements="5" coveredstatements="5" conditionals="0" coveredconditionals="0" methods="0" coveredmethods="0"/>
          <line num="1" count="7" type="stmt"/>
          <line num="2" count="7" type="stmt"/>
          <line num="3" count="7" type="stmt"/>
          <line num="5" count="7" type="stmt"/>
          <line num="7" count="7" type="stmt"/>
        </file>
        <file name="index.js" path="/Users/tchuang/Google_Drive/CA_Bootcamp/javascript_practice/notes_testing_jest/node_tests_unit-integration/routes/index.js">
          <metrics statements="7" coveredstatements="7" conditionals="0" coveredconditionals="0" methods="0" coveredmethods="0"/>
          <line num="1" count="7" type="stmt"/>
          <line num="2" count="7" type="stmt"/>
          <line num="3" count="7" type="stmt"/>
          <line num="4" count="7" type="stmt"/>
          <line num="6" count="7" type="stmt"/>
          <line num="7" count="7" type="stmt"/>
          <line num="9" count="7" type="stmt"/>
        </file>
      </package>
    </metrics>
  </project>
</coverage>
