TN:
SF:/Users/tchuang/Google_Drive/CA_Bootcamp/javascript_practice/notes_testing_jest/node_tests_unit-integration/app.js
FNF:0
FNH:0
DA:1,7
DA:2,7
DA:3,7
DA:4,7
DA:5,7
DA:7,7
DA:8,7
DA:10,7
DA:12,7
DA:13,7
DA:15,7
DA:17,7
LF:12
LH:12
BRF:0
BRH:0
end_of_record
TN:
SF:/Users/tchuang/Google_Drive/CA_Bootcamp/javascript_practice/notes_testing_jest/node_tests_unit-integration/controllers/author_controller.js
FN:3,create
FN:7,(anonymous_1)
FN:12,index
FN:18,make
FN:23,destroy
FN:30,show
FN:39,update
FN:48,edit
FNF:8
FNH:7
FNDA:2,create
FNDA:0,(anonymous_1)
FNDA:1,index
FNDA:1,make
FNDA:2,destroy
FNDA:2,show
FNDA:1,update
FNDA:1,edit
DA:1,8
DA:5,2
DA:6,2
DA:7,0
DA:9,2
DA:14,1
DA:15,1
DA:20,1
DA:25,2
DA:26,2
DA:27,2
DA:32,2
DA:34,2
DA:36,2
DA:41,1
DA:42,1
DA:44,1
DA:45,1
DA:50,1
DA:51,1
DA:52,1
DA:55,8
LF:22
LH:21
BRF:0
BRH:0
end_of_record
TN:
SF:/Users/tchuang/Google_Drive/CA_Bootcamp/javascript_practice/notes_testing_jest/node_tests_unit-integration/controllers/book_controller.js
FN:4,create
FN:8,(anonymous_1)
FN:13,index
FN:19,make
FN:25,destroy
FN:32,show
FN:41,update
FN:50,edit
FNF:8
FNH:0
FNDA:0,create
FNDA:0,(anonymous_1)
FNDA:0,index
FNDA:0,make
FNDA:0,destroy
FNDA:0,show
FNDA:0,update
FNDA:0,edit
DA:1,7
DA:2,7
DA:6,0
DA:7,0
DA:8,0
DA:10,0
DA:15,0
DA:16,0
DA:21,0
DA:22,0
DA:27,0
DA:28,0
DA:29,0
DA:34,0
DA:36,0
DA:38,0
DA:43,0
DA:44,0
DA:46,0
DA:47,0
DA:52,0
DA:53,0
DA:54,0
DA:57,7
LF:24
LH:3
BRF:0
BRH:0
end_of_record
TN:
SF:/Users/tchuang/Google_Drive/CA_Bootcamp/javascript_practice/notes_testing_jest/node_tests_unit-integration/controllers/comment_controller.js
FN:3,create
FNF:1
FNH:0
FNDA:0,create
DA:1,7
DA:5,0
DA:6,0
DA:7,0
DA:9,0
DA:10,0
DA:12,0
DA:15,7
LF:8
LH:2
BRF:0
BRH:0
end_of_record
TN:
SF:/Users/tchuang/Google_Drive/CA_Bootcamp/javascript_practice/notes_testing_jest/node_tests_unit-integration/database/models/author_model.js
FNF:0
FNH:0
DA:1,8
DA:2,8
DA:4,8
DA:6,8
LF:4
LH:4
BRF:0
BRH:0
end_of_record
TN:
SF:/Users/tchuang/Google_Drive/CA_Bootcamp/javascript_practice/notes_testing_jest/node_tests_unit-integration/database/models/book_model.js
FNF:0
FNH:0
DA:1,7
DA:2,7
DA:4,7
DA:6,7
LF:4
LH:4
BRF:0
BRH:0
end_of_record
TN:
SF:/Users/tchuang/Google_Drive/CA_Bootcamp/javascript_practice/notes_testing_jest/node_tests_unit-integration/database/schemas/author_schema.js
FNF:0
FNH:0
DA:1,8
DA:2,8
DA:4,8
DA:20,8
LF:4
LH:4
BRF:0
BRH:0
end_of_record
TN:
SF:/Users/tchuang/Google_Drive/CA_Bootcamp/javascript_practice/notes_testing_jest/node_tests_unit-integration/database/schemas/book_schema.js
FNF:0
FNH:0
DA:1,7
DA:2,7
DA:3,7
DA:5,7
DA:21,7
LF:5
LH:5
BRF:0
BRH:0
end_of_record
TN:
SF:/Users/tchuang/Google_Drive/CA_Bootcamp/javascript_practice/notes_testing_jest/node_tests_unit-integration/database/schemas/comment_schema.js
FNF:0
FNH:0
DA:1,7
DA:2,7
DA:4,7
DA:16,7
LF:4
LH:4
BRF:0
BRH:0
end_of_record
TN:
SF:/Users/tchuang/Google_Drive/CA_Bootcamp/javascript_practice/notes_testing_jest/node_tests_unit-integration/routes/author_routes.js
FNF:0
FNH:0
DA:1,7
DA:2,7
DA:3,7
DA:5,7
DA:7,7
DA:9,7
DA:11,7
DA:13,7
DA:15,7
DA:17,7
DA:19,7
DA:21,7
LF:12
LH:12
BRF:0
BRH:0
end_of_record
TN:
SF:/Users/tchuang/Google_Drive/CA_Bootcamp/javascript_practice/notes_testing_jest/node_tests_unit-integration/routes/book_routes.js
FNF:0
FNH:0
DA:1,7
DA:2,7
DA:3,7
DA:4,7
DA:6,7
DA:8,7
DA:10,7
DA:12,7
DA:14,7
DA:16,7
DA:18,7
DA:20,7
DA:22,7
DA:24,7
LF:14
LH:14
BRF:0
BRH:0
end_of_record
TN:
SF:/Users/tchuang/Google_Drive/CA_Bootcamp/javascript_practice/notes_testing_jest/node_tests_unit-integration/routes/comment_routes.js
FNF:0
FNH:0
DA:1,7
DA:2,7
DA:3,7
DA:5,7
DA:7,7
LF:5
LH:5
BRF:0
BRH:0
end_of_record
TN:
SF:/Users/tchuang/Google_Drive/CA_Bootcamp/javascript_practice/notes_testing_jest/node_tests_unit-integration/routes/index.js
FNF:0
FNH:0
DA:1,7
DA:2,7
DA:3,7
DA:4,7
DA:6,7
DA:7,7
DA:9,7
LF:7
LH:7
BRF:0
BRH:0
end_of_record
