{"/Users/tchuang/Google_Drive/CA_Bootcamp/javascript_practice/cheap-eats-API-Node/app.js": {"path":"/Users/tchuang/Google_Drive/CA_Bootcamp/javascript_practice/cheap-eats-API-Node/app.js","statementMap":{"0":{"start":{"line":1,"column":16},"end":{"line":1,"column":34}},"1":{"start":{"line":2,"column":15},"end":{"line":2,"column":32}},"2":{"start":{"line":4,"column":12},"end":{"line":4,"column":21}},"3":{"start":{"line":6,"column":0},"end":{"line":6,"column":49}},"4":{"start":{"line":7,"column":0},"end":{"line":7,"column":24}},"5":{"start":{"line":9,"column":0},"end":{"line":9,"column":29}},"6":{"start":{"line":11,"column":0},"end":{"line":11,"column":28}},"7":{"start":{"line":13,"column":0},"end":{"line":13,"column":29}},"8":{"start":{"line":15,"column":0},"end":{"line":15,"column":58}},"9":{"start":{"line":17,"column":0},"end":{"line":17,"column":21}}},"fnMap":{},"branchMap":{},"s":{"0":2,"1":2,"2":2,"3":2,"4":2,"5":2,"6":2,"7":2,"8":2,"9":2},"f":{},"b":{},"_coverageSchema":"332fd63041d2c1bcb487cc26dd0d5f7d97098a6c","hash":"f95910f94282b86590ba953abf8381c91756ac6d"}
,"/Users/tchuang/Google_Drive/CA_Bootcamp/javascript_practice/cheap-eats-API-Node/config/passport.js": {"path":"/Users/tchuang/Google_Drive/CA_Bootcamp/javascript_practice/cheap-eats-API-Node/config/passport.js","statementMap":{"0":{"start":{"line":1,"column":17},"end":{"line":1,"column":36}},"1":{"start":{"line":2,"column":22},"end":{"line":2,"column":47}},"2":{"start":{"line":3,"column":46},"end":{"line":3,"column":69}},"3":{"start":{"line":5,"column":18},"end":{"line":5,"column":60}},"4":{"start":{"line":7,"column":0},"end":{"line":26,"column":2}},"5":{"start":{"line":13,"column":6},"end":{"line":23,"column":7}},"6":{"start":{"line":14,"column":21},"end":{"line":14,"column":55}},"7":{"start":{"line":16,"column":8},"end":{"line":18,"column":9}},"8":{"start":{"line":17,"column":10},"end":{"line":17,"column":35}},"9":{"start":{"line":20,"column":8},"end":{"line":20,"column":32}},"10":{"start":{"line":22,"column":8},"end":{"line":22,"column":20}},"11":{"start":{"line":28,"column":0},"end":{"line":50,"column":2}},"12":{"start":{"line":36,"column":6},"end":{"line":36,"column":30}},"13":{"start":{"line":37,"column":6},"end":{"line":47,"column":7}},"14":{"start":{"line":38,"column":21},"end":{"line":38,"column":61}},"15":{"start":{"line":40,"column":8},"end":{"line":42,"column":9}},"16":{"start":{"line":41,"column":10},"end":{"line":41,"column":35}},"17":{"start":{"line":44,"column":8},"end":{"line":44,"column":32}},"18":{"start":{"line":46,"column":8},"end":{"line":46,"column":20}}},"fnMap":{"0":{"name":"(anonymous_0)","decl":{"start":{"line":12,"column":4},"end":{"line":12,"column":5}},"loc":{"start":{"line":12,"column":37},"end":{"line":24,"column":5}},"line":12},"1":{"name":"(anonymous_1)","decl":{"start":{"line":35,"column":4},"end":{"line":35,"column":5}},"loc":{"start":{"line":35,"column":32},"end":{"line":48,"column":5}},"line":35}},"branchMap":{"0":{"loc":{"start":{"line":16,"column":8},"end":{"line":18,"column":9}},"type":"if","locations":[{"start":{"line":16,"column":8},"end":{"line":18,"column":9}},{"start":{"line":16,"column":8},"end":{"line":18,"column":9}}],"line":16},"1":{"loc":{"start":{"line":16,"column":12},"end":{"line":16,"column":55}},"type":"binary-expr","locations":[{"start":{"line":16,"column":12},"end":{"line":16,"column":17}},{"start":{"line":16,"column":21},"end":{"line":16,"column":55}}],"line":16},"2":{"loc":{"start":{"line":40,"column":8},"end":{"line":42,"column":9}},"type":"if","locations":[{"start":{"line":40,"column":8},"end":{"line":42,"column":9}},{"start":{"line":40,"column":8},"end":{"line":42,"column":9}}],"line":40}},"s":{"0":2,"1":2,"2":2,"3":2,"4":2,"5":0,"6":0,"7":0,"8":0,"9":0,"10":0,"11":2,"12":0,"13":0,"14":0,"15":0,"16":0,"17":0,"18":0},"f":{"0":0,"1":0},"b":{"0":[0,0],"1":[0,0],"2":[0,0]},"_coverageSchema":"332fd63041d2c1bcb487cc26dd0d5f7d97098a6c","hash":"014f661997a988e8a5248e04dab662d99d5e5a8d"}
,"/Users/tchuang/Google_Drive/CA_Bootcamp/javascript_practice/cheap-eats-API-Node/controllers/eat_controller.js": {"path":"/Users/tchuang/Google_Drive/CA_Bootcamp/javascript_practice/cheap-eats-API-Node/controllers/eat_controller.js","statementMap":{"0":{"start":{"line":4,"column":2},"end":{"line":4,"column":44}},"1":{"start":{"line":8,"column":2},"end":{"line":8,"column":45}},"2":{"start":{"line":12,"column":2},"end":{"line":12,"column":48}},"3":{"start":{"line":16,"column":2},"end":{"line":16,"column":48}},"4":{"start":{"line":20,"column":2},"end":{"line":20,"column":45}},"5":{"start":{"line":23,"column":0},"end":{"line":23,"column":65}}},"fnMap":{"0":{"name":"index","decl":{"start":{"line":3,"column":9},"end":{"line":3,"column":14}},"loc":{"start":{"line":3,"column":25},"end":{"line":5,"column":1}},"line":3},"1":{"name":"create","decl":{"start":{"line":7,"column":9},"end":{"line":7,"column":15}},"loc":{"start":{"line":7,"column":26},"end":{"line":9,"column":1}},"line":7},"2":{"name":"increment","decl":{"start":{"line":11,"column":9},"end":{"line":11,"column":18}},"loc":{"start":{"line":11,"column":29},"end":{"line":13,"column":1}},"line":11},"3":{"name":"decrement","decl":{"start":{"line":15,"column":9},"end":{"line":15,"column":18}},"loc":{"start":{"line":15,"column":29},"end":{"line":17,"column":1}},"line":15},"4":{"name":"update","decl":{"start":{"line":19,"column":9},"end":{"line":19,"column":15}},"loc":{"start":{"line":19,"column":26},"end":{"line":21,"column":1}},"line":19}},"branchMap":{},"s":{"0":0,"1":0,"2":0,"3":0,"4":0,"5":2},"f":{"0":0,"1":0,"2":0,"3":0,"4":0},"b":{},"_coverageSchema":"332fd63041d2c1bcb487cc26dd0d5f7d97098a6c","hash":"3015a972076347c2673acf6906a927e1bef722af"}
,"/Users/tchuang/Google_Drive/CA_Bootcamp/javascript_practice/cheap-eats-API-Node/controllers/location_controller.js": {"path":"/Users/tchuang/Google_Drive/CA_Bootcamp/javascript_practice/cheap-eats-API-Node/controllers/location_controller.js","statementMap":{"0":{"start":{"line":4,"column":2},"end":{"line":4,"column":49}},"1":{"start":{"line":8,"column":2},"end":{"line":8,"column":50}},"2":{"start":{"line":12,"column":2},"end":{"line":12,"column":50}},"3":{"start":{"line":15,"column":0},"end":{"line":15,"column":43}}},"fnMap":{"0":{"name":"index","decl":{"start":{"line":3,"column":9},"end":{"line":3,"column":14}},"loc":{"start":{"line":3,"column":25},"end":{"line":5,"column":1}},"line":3},"1":{"name":"create","decl":{"start":{"line":7,"column":9},"end":{"line":7,"column":15}},"loc":{"start":{"line":7,"column":26},"end":{"line":9,"column":1}},"line":7},"2":{"name":"update","decl":{"start":{"line":11,"column":9},"end":{"line":11,"column":15}},"loc":{"start":{"line":11,"column":26},"end":{"line":13,"column":1}},"line":11}},"branchMap":{},"s":{"0":0,"1":0,"2":0,"3":2},"f":{"0":0,"1":0,"2":0},"b":{},"_coverageSchema":"332fd63041d2c1bcb487cc26dd0d5f7d97098a6c","hash":"52cca4a9e13d44b7047770e1c9e084811bc1e1ca"}
,"/Users/tchuang/Google_Drive/CA_Bootcamp/javascript_practice/cheap-eats-API-Node/controllers/user_controller.js": {"path":"/Users/tchuang/Google_Drive/CA_Bootcamp/javascript_practice/cheap-eats-API-Node/controllers/user_controller.js","statementMap":{"0":{"start":{"line":4,"column":2},"end":{"line":4,"column":41}},"1":{"start":{"line":8,"column":2},"end":{"line":8,"column":45}},"2":{"start":{"line":16,"column":2},"end":{"line":16,"column":43}},"3":{"start":{"line":19,"column":0},"end":{"line":19,"column":44}}},"fnMap":{"0":{"name":"show","decl":{"start":{"line":3,"column":9},"end":{"line":3,"column":13}},"loc":{"start":{"line":3,"column":24},"end":{"line":5,"column":1}},"line":3},"1":{"name":"register","decl":{"start":{"line":7,"column":9},"end":{"line":7,"column":17}},"loc":{"start":{"line":7,"column":28},"end":{"line":9,"column":1}},"line":7},"2":{"name":"update","decl":{"start":{"line":15,"column":9},"end":{"line":15,"column":15}},"loc":{"start":{"line":15,"column":26},"end":{"line":17,"column":1}},"line":15}},"branchMap":{},"s":{"0":0,"1":0,"2":0,"3":2},"f":{"0":0,"1":0,"2":0},"b":{},"_coverageSchema":"332fd63041d2c1bcb487cc26dd0d5f7d97098a6c","hash":"5b14454c21d19096faf7e95e6f122647d841aeca"}
,"/Users/tchuang/Google_Drive/CA_Bootcamp/javascript_practice/cheap-eats-API-Node/database/models/user_model.js": {"path":"/Users/tchuang/Google_Drive/CA_Bootcamp/javascript_practice/cheap-eats-API-Node/database/models/user_model.js","statementMap":{"0":{"start":{"line":1,"column":17},"end":{"line":1,"column":36}},"1":{"start":{"line":2,"column":19},"end":{"line":2,"column":54}},"2":{"start":{"line":4,"column":18},"end":{"line":4,"column":52}},"3":{"start":{"line":6,"column":0},"end":{"line":6,"column":27}}},"fnMap":{},"branchMap":{},"s":{"0":2,"1":2,"2":2,"3":2},"f":{},"b":{},"_coverageSchema":"332fd63041d2c1bcb487cc26dd0d5f7d97098a6c","hash":"dfba33ca5a3d280ed9997a57db2b4c4759f3c96e"}
,"/Users/tchuang/Google_Drive/CA_Bootcamp/javascript_practice/cheap-eats-API-Node/database/schemas/user_schema.js": {"path":"/Users/tchuang/Google_Drive/CA_Bootcamp/javascript_practice/cheap-eats-API-Node/database/schemas/user_schema.js","statementMap":{"0":{"start":{"line":1,"column":19},"end":{"line":1,"column":38}},"1":{"start":{"line":3,"column":19},"end":{"line":42,"column":2}},"2":{"start":{"line":44,"column":0},"end":{"line":44,"column":46}},"3":{"start":{"line":46,"column":0},"end":{"line":46,"column":28}}},"fnMap":{},"branchMap":{},"s":{"0":2,"1":2,"2":2,"3":2},"f":{},"b":{},"_coverageSchema":"332fd63041d2c1bcb487cc26dd0d5f7d97098a6c","hash":"14a6dc2b36aba42e6813688fae95f70726fd5ac3"}
,"/Users/tchuang/Google_Drive/CA_Bootcamp/javascript_practice/cheap-eats-API-Node/middleware/auth_middlware.js": {"path":"/Users/tchuang/Google_Drive/CA_Bootcamp/javascript_practice/cheap-eats-API-Node/middleware/auth_middlware.js","statementMap":{"0":{"start":{"line":1,"column":12},"end":{"line":1,"column":35}},"1":{"start":{"line":4,"column":16},"end":{"line":4,"column":71}},"2":{"start":{"line":6,"column":2},"end":{"line":6,"column":34}},"3":{"start":{"line":9,"column":0},"end":{"line":9,"column":33}}},"fnMap":{"0":{"name":"generateJWT","decl":{"start":{"line":3,"column":9},"end":{"line":3,"column":20}},"loc":{"start":{"line":3,"column":31},"end":{"line":7,"column":1}},"line":3}},"branchMap":{},"s":{"0":2,"1":0,"2":0,"3":2},"f":{"0":0},"b":{},"_coverageSchema":"332fd63041d2c1bcb487cc26dd0d5f7d97098a6c","hash":"da8473661fc1755d3d874c953e7da9f0e9f5d41c"}
,"/Users/tchuang/Google_Drive/CA_Bootcamp/javascript_practice/cheap-eats-API-Node/middleware/error_handler_middleware.js": {"path":"/Users/tchuang/Google_Drive/CA_Bootcamp/javascript_practice/cheap-eats-API-Node/middleware/error_handler_middleware.js","statementMap":{"0":{"start":{"line":1,"column":0},"end":{"line":7,"column":1}},"1":{"start":{"line":2,"column":4},"end":{"line":4,"column":5}},"2":{"start":{"line":3,"column":8},"end":{"line":3,"column":60}},"3":{"start":{"line":6,"column":4},"end":{"line":6,"column":21}}},"fnMap":{"0":{"name":"(anonymous_0)","decl":{"start":{"line":1,"column":17},"end":{"line":1,"column":18}},"loc":{"start":{"line":1,"column":47},"end":{"line":7,"column":1}},"line":1}},"branchMap":{"0":{"loc":{"start":{"line":2,"column":4},"end":{"line":4,"column":5}},"type":"if","locations":[{"start":{"line":2,"column":4},"end":{"line":4,"column":5}},{"start":{"line":2,"column":4},"end":{"line":4,"column":5}}],"line":2},"1":{"loc":{"start":{"line":2,"column":8},"end":{"line":2,"column":39}},"type":"binary-expr","locations":[{"start":{"line":2,"column":8},"end":{"line":2,"column":11}},{"start":{"line":2,"column":15},"end":{"line":2,"column":39}}],"line":2}},"s":{"0":2,"1":0,"2":0,"3":0},"f":{"0":0},"b":{"0":[0,0],"1":[0,0]},"_coverageSchema":"332fd63041d2c1bcb487cc26dd0d5f7d97098a6c","hash":"9e68be1b1e27e2b4cb29200b3883e012d6eb706f"}
,"/Users/tchuang/Google_Drive/CA_Bootcamp/javascript_practice/cheap-eats-API-Node/routes/eat_routes.js": {"path":"/Users/tchuang/Google_Drive/CA_Bootcamp/javascript_practice/cheap-eats-API-Node/routes/eat_routes.js","statementMap":{"0":{"start":{"line":1,"column":16},"end":{"line":1,"column":34}},"1":{"start":{"line":2,"column":15},"end":{"line":2,"column":31}},"2":{"start":{"line":5,"column":22},"end":{"line":5,"column":64}},"3":{"start":{"line":7,"column":0},"end":{"line":19,"column":30}},"4":{"start":{"line":23,"column":0},"end":{"line":23,"column":60}},"5":{"start":{"line":27,"column":0},"end":{"line":27,"column":60}},"6":{"start":{"line":30,"column":0},"end":{"line":33,"column":31}},"7":{"start":{"line":35,"column":0},"end":{"line":35,"column":24}}},"fnMap":{},"branchMap":{},"s":{"0":2,"1":2,"2":2,"3":2,"4":2,"5":2,"6":2,"7":2},"f":{},"b":{},"_coverageSchema":"332fd63041d2c1bcb487cc26dd0d5f7d97098a6c","hash":"6fddd0b670d2b5f3dca6e905a524332a9edd4d47"}
,"/Users/tchuang/Google_Drive/CA_Bootcamp/javascript_practice/cheap-eats-API-Node/routes/index.js": {"path":"/Users/tchuang/Google_Drive/CA_Bootcamp/javascript_practice/cheap-eats-API-Node/routes/index.js","statementMap":{"0":{"start":{"line":1,"column":16},"end":{"line":1,"column":34}},"1":{"start":{"line":2,"column":15},"end":{"line":2,"column":31}},"2":{"start":{"line":3,"column":17},"end":{"line":3,"column":36}},"3":{"start":{"line":5,"column":19},"end":{"line":5,"column":43}},"4":{"start":{"line":6,"column":14},"end":{"line":6,"column":37}},"5":{"start":{"line":7,"column":19},"end":{"line":7,"column":47}},"6":{"start":{"line":9,"column":0},"end":{"line":9,"column":53}},"7":{"start":{"line":9,"column":30},"end":{"line":9,"column":51}},"8":{"start":{"line":11,"column":0},"end":{"line":11,"column":31}},"9":{"start":{"line":13,"column":0},"end":{"line":18,"column":2}},"10":{"start":{"line":20,"column":0},"end":{"line":20,"column":24}}},"fnMap":{"0":{"name":"(anonymous_0)","decl":{"start":{"line":9,"column":16},"end":{"line":9,"column":17}},"loc":{"start":{"line":9,"column":30},"end":{"line":9,"column":51}},"line":9}},"branchMap":{},"s":{"0":2,"1":2,"2":2,"3":2,"4":2,"5":2,"6":2,"7":0,"8":2,"9":2,"10":2},"f":{"0":0},"b":{},"_coverageSchema":"332fd63041d2c1bcb487cc26dd0d5f7d97098a6c","hash":"2f02dacc9ce3e71f2e9305ff85dbd76a329abf59"}
,"/Users/tchuang/Google_Drive/CA_Bootcamp/javascript_practice/cheap-eats-API-Node/routes/location_routes.js": {"path":"/Users/tchuang/Google_Drive/CA_Bootcamp/javascript_practice/cheap-eats-API-Node/routes/location_routes.js","statementMap":{"0":{"start":{"line":1,"column":16},"end":{"line":1,"column":34}},"1":{"start":{"line":2,"column":15},"end":{"line":2,"column":31}},"2":{"start":{"line":3,"column":27},"end":{"line":3,"column":47}},"3":{"start":{"line":5,"column":27},"end":{"line":5,"column":74}},"4":{"start":{"line":7,"column":0},"end":{"line":12,"column":35}},"5":{"start":{"line":14,"column":0},"end":{"line":18,"column":36}},"6":{"start":{"line":20,"column":0},"end":{"line":20,"column":24}}},"fnMap":{},"branchMap":{},"s":{"0":2,"1":2,"2":2,"3":2,"4":2,"5":2,"6":2},"f":{},"b":{},"_coverageSchema":"332fd63041d2c1bcb487cc26dd0d5f7d97098a6c","hash":"2b4b96f6642fc1603e974f76d01104d37543cf8e"}
,"/Users/tchuang/Google_Drive/CA_Bootcamp/javascript_practice/cheap-eats-API-Node/routes/user_routes.js": {"path":"/Users/tchuang/Google_Drive/CA_Bootcamp/javascript_practice/cheap-eats-API-Node/routes/user_routes.js","statementMap":{"0":{"start":{"line":1,"column":16},"end":{"line":1,"column":34}},"1":{"start":{"line":2,"column":15},"end":{"line":2,"column":31}},"2":{"start":{"line":3,"column":17},"end":{"line":3,"column":36}},"3":{"start":{"line":6,"column":23},"end":{"line":6,"column":66}},"4":{"start":{"line":7,"column":24},"end":{"line":7,"column":65}},"5":{"start":{"line":9,"column":0},"end":{"line":9,"column":70}},"6":{"start":{"line":11,"column":0},"end":{"line":20,"column":32}},"7":{"start":{"line":26,"column":0},"end":{"line":26,"column":50}},"8":{"start":{"line":31,"column":0},"end":{"line":35,"column":2}},"9":{"start":{"line":37,"column":0},"end":{"line":37,"column":24}}},"fnMap":{},"branchMap":{},"s":{"0":2,"1":2,"2":2,"3":2,"4":2,"5":2,"6":2,"7":2,"8":2,"9":2},"f":{},"b":{},"_coverageSchema":"332fd63041d2c1bcb487cc26dd0d5f7d97098a6c","hash":"5ff748227e797c95df7e3da87d7f080df63a6925"}
}
