TN:
SF:/Users/tchuang/Google_Drive/CA_Bootcamp/javascript_practice/cheap-eats-API-Node/app.js
FNF:0
FNH:0
DA:1,2
DA:2,2
DA:4,2
DA:6,2
DA:7,2
DA:9,2
DA:11,2
DA:13,2
DA:15,2
DA:17,2
LF:10
LH:10
BRF:0
BRH:0
end_of_record
TN:
SF:/Users/tchuang/Google_Drive/CA_Bootcamp/javascript_practice/cheap-eats-API-Node/config/passport.js
FN:12,(anonymous_0)
FN:35,(anonymous_1)
FNF:2
FNH:0
FNDA:0,(anonymous_0)
FNDA:0,(anonymous_1)
DA:1,2
DA:2,2
DA:3,2
DA:5,2
DA:7,2
DA:13,0
DA:14,0
DA:16,0
DA:17,0
DA:20,0
DA:22,0
DA:28,2
DA:36,0
DA:37,0
DA:38,0
DA:40,0
DA:41,0
DA:44,0
DA:46,0
LF:19
LH:6
BRDA:16,0,0,0
BRDA:16,0,1,0
BRDA:16,1,0,0
BRDA:16,1,1,0
BRDA:40,2,0,0
BRDA:40,2,1,0
BRF:6
BRH:0
end_of_record
TN:
SF:/Users/tchuang/Google_Drive/CA_Bootcamp/javascript_practice/cheap-eats-API-Node/controllers/eat_controller.js
FN:3,index
FN:7,create
FN:11,increment
FN:15,decrement
FN:19,update
FNF:5
FNH:0
FNDA:0,index
FNDA:0,create
FNDA:0,increment
FNDA:0,decrement
FNDA:0,update
DA:4,0
DA:8,0
DA:12,0
DA:16,0
DA:20,0
DA:23,2
LF:6
LH:1
BRF:0
BRH:0
end_of_record
TN:
SF:/Users/tchuang/Google_Drive/CA_Bootcamp/javascript_practice/cheap-eats-API-Node/controllers/location_controller.js
FN:3,index
FN:7,create
FN:11,update
FNF:3
FNH:0
FNDA:0,index
FNDA:0,create
FNDA:0,update
DA:4,0
DA:8,0
DA:12,0
DA:15,2
LF:4
LH:1
BRF:0
BRH:0
end_of_record
TN:
SF:/Users/tchuang/Google_Drive/CA_Bootcamp/javascript_practice/cheap-eats-API-Node/controllers/user_controller.js
FN:3,show
FN:7,register
FN:15,update
FNF:3
FNH:0
FNDA:0,show
FNDA:0,register
FNDA:0,update
DA:4,0
DA:8,0
DA:16,0
DA:19,2
LF:4
LH:1
BRF:0
BRH:0
end_of_record
TN:
SF:/Users/tchuang/Google_Drive/CA_Bootcamp/javascript_practice/cheap-eats-API-Node/database/models/user_model.js
FNF:0
FNH:0
DA:1,2
DA:2,2
DA:4,2
DA:6,2
LF:4
LH:4
BRF:0
BRH:0
end_of_record
TN:
SF:/Users/tchuang/Google_Drive/CA_Bootcamp/javascript_practice/cheap-eats-API-Node/database/schemas/user_schema.js
FNF:0
FNH:0
DA:1,2
DA:3,2
DA:44,2
DA:46,2
LF:4
LH:4
BRF:0
BRH:0
end_of_record
TN:
SF:/Users/tchuang/Google_Drive/CA_Bootcamp/javascript_practice/cheap-eats-API-Node/middleware/auth_middlware.js
FN:3,generateJWT
FNF:1
FNH:0
FNDA:0,generateJWT
DA:1,2
DA:4,0
DA:6,0
DA:9,2
LF:4
LH:2
BRF:0
BRH:0
end_of_record
TN:
SF:/Users/tchuang/Google_Drive/CA_Bootcamp/javascript_practice/cheap-eats-API-Node/middleware/error_handler_middleware.js
FN:1,(anonymous_0)
FNF:1
FNH:0
FNDA:0,(anonymous_0)
DA:1,2
DA:2,0
DA:3,0
DA:6,0
LF:4
LH:1
BRDA:2,0,0,0
BRDA:2,0,1,0
BRDA:2,1,0,0
BRDA:2,1,1,0
BRF:4
BRH:0
end_of_record
TN:
SF:/Users/tchuang/Google_Drive/CA_Bootcamp/javascript_practice/cheap-eats-API-Node/routes/eat_routes.js
FNF:0
FNH:0
DA:1,2
DA:2,2
DA:5,2
DA:7,2
DA:23,2
DA:27,2
DA:30,2
DA:35,2
LF:8
LH:8
BRF:0
BRH:0
end_of_record
TN:
SF:/Users/tchuang/Google_Drive/CA_Bootcamp/javascript_practice/cheap-eats-API-Node/routes/index.js
FN:9,(anonymous_0)
FNF:1
FNH:0
FNDA:0,(anonymous_0)
DA:1,2
DA:2,2
DA:3,2
DA:5,2
DA:6,2
DA:7,2
DA:9,2
DA:11,2
DA:13,2
DA:20,2
LF:10
LH:10
BRF:0
BRH:0
end_of_record
TN:
SF:/Users/tchuang/Google_Drive/CA_Bootcamp/javascript_practice/cheap-eats-API-Node/routes/location_routes.js
FNF:0
FNH:0
DA:1,2
DA:2,2
DA:3,2
DA:5,2
DA:7,2
DA:14,2
DA:20,2
LF:7
LH:7
BRF:0
BRH:0
end_of_record
TN:
SF:/Users/tchuang/Google_Drive/CA_Bootcamp/javascript_practice/cheap-eats-API-Node/routes/user_routes.js
FNF:0
FNH:0
DA:1,2
DA:2,2
DA:3,2
DA:6,2
DA:7,2
DA:9,2
DA:11,2
DA:26,2
DA:31,2
DA:37,2
LF:10
LH:10
BRF:0
BRH:0
end_of_record
